Performing C SOURCE FILE Test CMAKE_HAVE_LIBC_PTHREAD failed with the following output:
Change Dir: /home/brazo/workspace/rafi_ws/build/CMakeFiles/CMakeTmp

Run Build Command(s):/usr/bin/make cmTC_3ff54/fast && /usr/bin/make -f CMakeFiles/cmTC_3ff54.dir/build.make CMakeFiles/cmTC_3ff54.dir/build
make[1]: se entra en el directorio '/home/brazo/workspace/rafi_ws/build/CMakeFiles/CMakeTmp'
Building C object CMakeFiles/cmTC_3ff54.dir/src.c.o
/usr/bin/cc   -DCMAKE_HAVE_LIBC_PTHREAD   -o CMakeFiles/cmTC_3ff54.dir/src.c.o   -c /home/brazo/workspace/rafi_ws/build/CMakeFiles/CMakeTmp/src.c
Linking C executable cmTC_3ff54
/usr/bin/cmake -E cmake_link_script CMakeFiles/cmTC_3ff54.dir/link.txt --verbose=1
/usr/bin/cc  -DCMAKE_HAVE_LIBC_PTHREAD    -rdynamic CMakeFiles/cmTC_3ff54.dir/src.c.o  -o cmTC_3ff54 
/usr/bin/ld: CMakeFiles/cmTC_3ff54.dir/src.c.o: en la función `main':
src.c:(.text+0x46): referencia a `pthread_create' sin definir
/usr/bin/ld: src.c:(.text+0x52): referencia a `pthread_detach' sin definir
/usr/bin/ld: src.c:(.text+0x63): referencia a `pthread_join' sin definir
collect2: error: ld returned 1 exit status
make[1]: *** [CMakeFiles/cmTC_3ff54.dir/build.make:87: cmTC_3ff54] Error 1
make[1]: se sale del directorio '/home/brazo/workspace/rafi_ws/build/CMakeFiles/CMakeTmp'
make: *** [Makefile:121: cmTC_3ff54/fast] Error 2


Source file was:
#include <pthread.h>

void* test_func(void* data)
{
  return data;
}

int main(void)
{
  pthread_t thread;
  pthread_create(&thread, NULL, test_func, NULL);
  pthread_detach(thread);
  pthread_join(thread, NULL);
  pthread_atfork(NULL, NULL, NULL);
  pthread_exit(NULL);

  return 0;
}

Determining if the function pthread_create exists in the pthreads failed with the following output:
Change Dir: /home/brazo/workspace/rafi_ws/build/CMakeFiles/CMakeTmp

Run Build Command(s):/usr/bin/make cmTC_f9cfd/fast && /usr/bin/make -f CMakeFiles/cmTC_f9cfd.dir/build.make CMakeFiles/cmTC_f9cfd.dir/build
make[1]: se entra en el directorio '/home/brazo/workspace/rafi_ws/build/CMakeFiles/CMakeTmp'
Building C object CMakeFiles/cmTC_f9cfd.dir/CheckFunctionExists.c.o
/usr/bin/cc   -DCHECK_FUNCTION_EXISTS=pthread_create   -o CMakeFiles/cmTC_f9cfd.dir/CheckFunctionExists.c.o   -c /usr/share/cmake-3.16/Modules/CheckFunctionExists.c
Linking C executable cmTC_f9cfd
/usr/bin/cmake -E cmake_link_script CMakeFiles/cmTC_f9cfd.dir/link.txt --verbose=1
/usr/bin/cc  -DCHECK_FUNCTION_EXISTS=pthread_create    -rdynamic CMakeFiles/cmTC_f9cfd.dir/CheckFunctionExists.c.o  -o cmTC_f9cfd  -lpthreads 
/usr/bin/ld: no se puede encontrar -lpthreads
collect2: error: ld returned 1 exit status
make[1]: *** [CMakeFiles/cmTC_f9cfd.dir/build.make:87: cmTC_f9cfd] Error 1
make[1]: se sale del directorio '/home/brazo/workspace/rafi_ws/build/CMakeFiles/CMakeTmp'
make: *** [Makefile:121: cmTC_f9cfd/fast] Error 2



Determining if the include file pgm.h exists failed with the following output:
Change Dir: /home/brazo/workspace/rafi_ws/build/CMakeFiles/CMakeTmp

Run Build Command(s):/usr/bin/make cmTC_670ba/fast && make[1]: se entra en el directorio '/home/brazo/workspace/rafi_ws/build/CMakeFiles/CMakeTmp'
/usr/bin/make -f CMakeFiles/cmTC_670ba.dir/build.make CMakeFiles/cmTC_670ba.dir/build
make[2]: se entra en el directorio '/home/brazo/workspace/rafi_ws/build/CMakeFiles/CMakeTmp'
Building CXX object CMakeFiles/cmTC_670ba.dir/CheckIncludeFile.cxx.o
/usr/bin/c++     -o CMakeFiles/cmTC_670ba.dir/CheckIncludeFile.cxx.o -c /home/brazo/workspace/rafi_ws/build/CMakeFiles/CMakeTmp/CheckIncludeFile.cxx
/home/brazo/workspace/rafi_ws/build/CMakeFiles/CMakeTmp/CheckIncludeFile.cxx:1:10: fatal error: pgm.h: No existe el archivo o el directorio
    1 | #include <pgm.h>
      |          ^~~~~~~
compilation terminated.
make[2]: *** [CMakeFiles/cmTC_670ba.dir/build.make:66: CMakeFiles/cmTC_670ba.dir/CheckIncludeFile.cxx.o] Error 1
make[2]: se sale del directorio '/home/brazo/workspace/rafi_ws/build/CMakeFiles/CMakeTmp'
make[1]: *** [Makefile:121: cmTC_670ba/fast] Error 2
make[1]: se sale del directorio '/home/brazo/workspace/rafi_ws/build/CMakeFiles/CMakeTmp'



